Starting DBConnectionBroker Version 1.0
dbDriver = com.mysql.jdbc.Driver
dbURL = jdbc:mysql://localhost:3306/hairisma_dkph
dbLogin = root
dbPasswd = **********
logfile = tmsconn.log
minconnections = 1
maxconnections = 3
Total refresh interval = 0.01 days
-----------------------------------------
Apr 18 02019 04:07:34 Opening connection 0 com.mysql.jdbc.Connection@3ca54f25:
Thu Apr 18 16:22:14 SGT 2019 ***** Recycling connection 0:
Apr 18 02019 04:22:14 Opening connection 0 com.mysql.jdbc.Connection@7e180a7f:
Thu Apr 18 16:36:54 SGT 2019 ***** Recycling connection 0:
Apr 18 02019 04:36:54 Opening connection 0 com.mysql.jdbc.Connection@7a278164:
Thu Apr 18 16:51:34 SGT 2019 ***** Recycling connection 0:
Apr 18 02019 04:51:34 Opening connection 0 com.mysql.jdbc.Connection@3f250044:
Thu Apr 18 17:06:14 SGT 2019 ***** Recycling connection 0:
Apr 18 02019 05:06:14 Opening connection 0 com.mysql.jdbc.Connection@30a5c2fe:
Thu Apr 18 17:20:54 SGT 2019 ***** Recycling connection 0:
Apr 18 02019 05:20:54 Opening connection 0 com.mysql.jdbc.Connection@e507d67:
Thu Apr 18 17:35:35 SGT 2019 ***** Recycling connection 0:
Apr 18 02019 05:35:35 Opening connection 0 com.mysql.jdbc.Connection@483ae168:
